<?xml version="1.0" encoding="UTF-8"?>
<!-- Generated by org.testng.reporters.JUnitReportReporter -->
<testsuite hostname="DESKTOP-MUMMMVL" failures="0" tests="3" name="com.crm.qa.testcases.LoginPageTest" time="61.161" errors="0" timestamp="2021-07-16T15:57:36 IST" skipped="0">
  <testcase classname="com.crm.qa.testcases.LoginPageTest" name="loginPageTitleTest" time="17.804"/>
  <system-out/>
  <testcase classname="com.crm.qa.testcases.LoginPageTest" name="CRMLogoImageTest" time="15.768"/>
  <system-out/>
  <testcase classname="com.crm.qa.testcases.LoginPageTest" name="loginTest" time="27.589"/>
  <system-out/>
</testsuite> <!-- com.crm.qa.testcases.LoginPageTest -->
