<?xml version="1.0" encoding="UTF-8"?>
<!-- Generated by org.testng.reporters.JUnitReportReporter -->
<testsuite hostname="DESKTOP-MUMMMVL" failures="0" tests="3" name="com.crm.qa.testcases.HomepageTest" time="74.755" errors="0" timestamp="2021-07-05T18:49:36 IST" skipped="0">
  <testcase classname="com.crm.qa.testcases.HomepageTest" name="verifyHomePageTitleTest" time="24.809"/>
  <system-out/>
  <testcase classname="com.crm.qa.testcases.HomepageTest" name="verifyUsernametest" time="24.600"/>
  <system-out/>
  <testcase classname="com.crm.qa.testcases.HomepageTest" name="verifycontactlinktest" time="25.346"/>
  <system-out/>
</testsuite> <!-- com.crm.qa.testcases.HomepageTest -->
