<?xml version="1.0" encoding="UTF-8"?>
<!-- Generated by org.testng.reporters.JUnitReportReporter -->
<testsuite hostname="DESKTOP-MUMMMVL" failures="0" tests="3" name="com.crm.qa.testcases.LoginPageTest" time="54.534" errors="0" timestamp="2021-07-05T18:49:36 IST" skipped="0">
  <testcase classname="com.crm.qa.testcases.LoginPageTest" name="loginPageTitleTest" time="13.855"/>
  <system-out/>
  <testcase classname="com.crm.qa.testcases.LoginPageTest" name="CRMLogoImageTest" time="14.029"/>
  <system-out/>
  <testcase classname="com.crm.qa.testcases.LoginPageTest" name="loginTest" time="26.650"/>
  <system-out/>
</testsuite> <!-- com.crm.qa.testcases.LoginPageTest -->
