<?xml version="1.0" encoding="UTF-8"?>
<!-- Generated by org.testng.reporters.JUnitReportReporter -->
<testsuite hostname="DESKTOP-MUMMMVL" failures="0" tests="3" name="com.crm.qa.testcases.HomepageTest" time="97.644" errors="0" timestamp="2021-07-16T15:57:36 IST" skipped="0">
  <testcase classname="com.crm.qa.testcases.HomepageTest" name="verifyHomePageTitleTest" time="42.079"/>
  <system-out/>
  <testcase classname="com.crm.qa.testcases.HomepageTest" name="verifyUsernametest" time="27.769"/>
  <system-out/>
  <testcase classname="com.crm.qa.testcases.HomepageTest" name="verifycontactlinktest" time="27.796"/>
  <system-out/>
</testsuite> <!-- com.crm.qa.testcases.HomepageTest -->
