<?xml version="1.0" encoding="UTF-8"?>
<!-- Generated by org.testng.reporters.JUnitReportReporter -->
<testsuite hostname="DESKTOP-MUMMMVL" failures="0" tests="1" name="com.crm.qa.testcases.ContactspageTest" time="0.000" errors="0" timestamp="2021-07-16T15:57:36 IST" skipped="1">
  <testcase classname="com.crm.qa.testcases.ContactspageTest" name="validateCreateNewContact" time="0.000">
    <skipped/>
  </testcase> <!-- validateCreateNewContact -->
  <system-out/>
</testsuite> <!-- com.crm.qa.testcases.ContactspageTest -->
